<?xml version="1.0" encoding="UTF-8"?>
<testsuite xmlns:xsi="http://www.w3.org/2001/XMLSchema-instance" xsi:noNamespaceSchemaLocation="https://maven.apache.org/surefire/maven-surefire-plugin/xsd/surefire-test-report-3.0.xsd" version="3.0" name="com.norwood.AppTest" time="0.132" tests="3" errors="0" skipped="0" failures="0">
  <properties>
[...]
</properties>
  <testcase name="testJoinRoom" classname="com.norwood.AppTest" time="0.068">
    <system-out><![CDATA[Record[timestamp=03/15/2025/21:02:338, user=Server, context=Server, content=Started server. Listening to 8001]
Record[timestamp=03/15/2025/21:02:342, user=Server, context=Server, content=New connection from a client: /127.0.0.1:37634]
Record[timestamp=03/15/2025/21:02:342, user=Server, context=Server, content=New connection from a client: /127.0.0.1:37636]
Record[timestamp=03/15/2025/21:02:343, user=Server, context=Server, content=New connection from a client: /127.0.0.1:37638]
Record[timestamp=03/15/2025/21:02:343, user=Server, context=Server, content=User Bob registered]
Record[timestamp=03/15/2025/21:02:343, user=Server, context=Server, content=User Alice registered]
Record[timestamp=03/15/2025/21:02:343, user=Server, context=Server, content=User Eve registered]
Record[timestamp=03/15/2025/21:02:344, user=Server, context=Server, content=Bob has created 0 rooms]
Record[timestamp=03/15/2025/21:02:344, user=Server, context=Server, content=Eve has created 0 rooms]
Record[timestamp=03/15/2025/21:02:344, user=Server, context=Server, content=Alice has created 0 rooms]
Record[timestamp=03/15/2025/21:02:344, user=Server, context=Server, content=Created room!]
Record[timestamp=03/15/2025/21:02:344, user=Server, context=Server, content=Created room!]
Record[timestamp=03/15/2025/21:02:344, user=Server, context=Server, content=Created room!]
Record[timestamp=03/15/2025/21:02:344, user=Bob, context=Room1, content=Hi everyone from Bob!]
Record[timestamp=03/15/2025/21:02:344, user=Server, context=Server, content=Error while reading or writing from a socket.]
Record[timestamp=03/15/2025/21:02:344, user=Server, context=Server, content=No value present]
]]></system-out>
  </testcase>
  <testcase name="test" classname="com.norwood.AppTest" time="0.032"/>
  <testcase name="testManyClients" classname="com.norwood.AppTest" time="0.017"/>
</testsuite>